<?xml version="1.0" encoding="UTF-8"?>
<testsuite name="Login Test"
           tests="4"
           failures="0"
           errors="0"
           skipped="0"
           time="6.144">
  <properties />
  
  
            <testcase name="verifyThatTheLogoDisplayOnHomePage" time="1.495" classname="com.orangehrmlive.demo.testsuite.LoginTest" />
                <testcase name="verifyUserShouldLogOutSuccessFully" time="2.177" classname="com.orangehrmlive.demo.testsuite.LoginTest" />
                <testcase name="verifyUserShouldLoginSuccessFully" time="1.301" classname="com.orangehrmlive.demo.testsuite.LoginTest" />
                <testcase name="verifyErrorMessageWithInvalidCredentials" time="1.171" classname="com.orangehrmlive.demo.testsuite.LoginTest" />
      
</testsuite>
